<?xml version="1.0" encoding="UTF-8"?>
<testng-results skipped="0" failed="0" ignored="0" total="2" passed="2">
  <reporter-output>
  </reporter-output>
  <suite name="Suite1" duration-ms="10331" started-at="2022-07-30T23:11:06Z" finished-at="2022-07-30T23:11:16Z">
    <groups>
      <group name="cucumber">
        <method signature="AbstractTestNGCucumberTests.feature(cucumber.api.testng.CucumberFeatureWrapper)[pri:0, instance:com.myrunner.MyRunner@757277dc]" name="feature" class="cucumber.api.testng.AbstractTestNGCucumberTests"/>
      </group> <!-- cucumber -->
    </groups>
    <test name="Nopackage" duration-ms="10331" started-at="2022-07-30T23:11:06Z" finished-at="2022-07-30T23:11:16Z">
      <class name="com.myrunner.MyRunner">
        <test-method status="PASS" signature="setUpClass()[pri:0, instance:com.myrunner.MyRunner@757277dc]" name="setUpClass" is-config="true" duration-ms="290" started-at="2022-07-30T23:11:06Z" finished-at="2022-07-30T23:11:06Z">
          <reporter-output>
          </reporter-output>
        </test-method> <!-- setUpClass -->
        <test-method status="PASS" signature="feature(cucumber.api.testng.CucumberFeatureWrapper)[pri:0, instance:com.myrunner.MyRunner@757277dc]" name="feature" duration-ms="7507" started-at="2022-07-30T23:11:07Z" description="Runs Cucumber Feature" data-provider="features" finished-at="2022-07-30T23:11:14Z">
          <params>
            <param index="0">
              <value>
                <![CDATA[Valid user able to login in the application and buy, sale, return, clear #epic what to do]]>
              </value>
            </param>
          </params>
          <reporter-output>
          </reporter-output>
        </test-method> <!-- feature -->
        <test-method status="PASS" signature="feature(cucumber.api.testng.CucumberFeatureWrapper)[pri:0, instance:com.myrunner.MyRunner@757277dc]" name="feature" duration-ms="2364" started-at="2022-07-30T23:11:14Z" description="Runs Cucumber Feature" data-provider="features" finished-at="2022-07-30T23:11:16Z">
          <params>
            <param index="0">
              <value>
                <![CDATA[Valid user able to login in the application and buy, sale, return, clear #epic what to do]]>
              </value>
            </param>
          </params>
          <reporter-output>
          </reporter-output>
        </test-method> <!-- feature -->
        <test-method status="PASS" signature="tearDownClass()[pri:0, instance:com.myrunner.MyRunner@757277dc]" name="tearDownClass" is-config="true" duration-ms="19" started-at="2022-07-30T23:11:16Z" finished-at="2022-07-30T23:11:16Z">
          <reporter-output>
          </reporter-output>
        </test-method> <!-- tearDownClass -->
      </class> <!-- com.myrunner.MyRunner -->
    </test> <!-- Nopackage -->
  </suite> <!-- Suite1 -->
</testng-results>
